0 info it worked if it ends with ok
1 verbose cli [ '/Users/markmurray/.nvm/versions/node/v5.2.0/bin/node',
1 verbose cli   '/Users/markmurray/.nvm/versions/node/v5.2.0/bin/npm',
1 verbose cli   'version',
1 verbose cli   'patch',
1 verbose cli   '-m',
1 verbose cli   'modifying helper format to form one object rather than multiple individual functions' ]
2 info using npm@3.3.12
3 info using node@v5.2.0
4 info git [ 'status', '--porcelain' ]
5 verbose stack Error: Git working directory not clean.
5 verbose stack M  bower.json
5 verbose stack R  dist/bundle.js -> dist/boxfish-helpers.js
5 verbose stack A  dist/boxfish-helpers.min.js
5 verbose stack M  docs/index.html
5 verbose stack M  gulpfile.babel.js
5 verbose stack M  helpers/after.js
5 verbose stack M  helpers/and.js
5 verbose stack M  helpers/arrayContains.js
5 verbose stack M  helpers/before.js
5 verbose stack M  helpers/capitalize.js
5 verbose stack M  helpers/commaSeparate.js
5 verbose stack M  helpers/compare.js
5 verbose stack M  helpers/dateHasPassed.js
5 verbose stack M  helpers/defaultValue.js
5 verbose stack M  helpers/eachProperty.js
5 verbose stack M  helpers/eq.js
5 verbose stack M  helpers/exists.js
5 verbose stack M  helpers/first.js
5 verbose stack M  helpers/foreach.js
5 verbose stack M  helpers/formatDate.js
5 verbose stack M  helpers/formatTweet.js
5 verbose stack M  helpers/formatTwitterSearch.js
5 verbose stack M  helpers/fromNow.js
5 verbose stack M  helpers/gt.js
5 verbose stack M  helpers/gte.js
5 verbose stack M  helpers/gtlt.js
5 verbose stack M  helpers/hasProperty.js
5 verbose stack M  helpers/hasPropertyLength.js
5 verbose stack M  helpers/itemAtIndex.js
5 verbose stack M  helpers/joinObject.js
5 verbose stack M  helpers/lowercase.js
5 verbose stack M  helpers/math.js
5 verbose stack M  helpers/numberItemsWithProperty.js
5 verbose stack M  helpers/numberNotDeleted.js
5 verbose stack M  helpers/numeral.js
5 verbose stack M  helpers/or.js
5 verbose stack M  helpers/pluralize.js
5 verbose stack M  helpers/removeUnderscores.js
5 verbose stack M  helpers/round.js
5 verbose stack M  helpers/slugify.js
5 verbose stack M  helpers/stringify.js
5 verbose stack M  helpers/tmdb.js
5 verbose stack M  helpers/today.js
5 verbose stack M  helpers/truncate.js
5 verbose stack M  helpers/uppercase.js
5 verbose stack M  js/helpers.js
5 verbose stack A  test.html
5 verbose stack     at /Users/markmurray/.nvm/versions/node/v5.2.0/lib/node_modules/npm/lib/version.js:172:21
5 verbose stack     at ChildProcess.exithandler (child_process.js:205:7)
5 verbose stack     at emitTwo (events.js:88:13)
5 verbose stack     at ChildProcess.emit (events.js:173:7)
5 verbose stack     at maybeClose (internal/child_process.js:819:16)
5 verbose stack     at Socket.<anonymous> (internal/child_process.js:320:11)
5 verbose stack     at emitOne (events.js:78:13)
5 verbose stack     at Socket.emit (events.js:170:7)
5 verbose stack     at Pipe._onclose (net.js:470:12)
6 verbose cwd /Users/markmurray/Boxfish/Platform/boxfish-helpers
7 error Darwin 15.3.0
8 error argv "/Users/markmurray/.nvm/versions/node/v5.2.0/bin/node" "/Users/markmurray/.nvm/versions/node/v5.2.0/bin/npm" "version" "patch" "-m" "modifying helper format to form one object rather than multiple individual functions"
9 error node v5.2.0
10 error npm  v3.3.12
11 error Git working directory not clean.
11 error M  bower.json
11 error R  dist/bundle.js -> dist/boxfish-helpers.js
11 error A  dist/boxfish-helpers.min.js
11 error M  docs/index.html
11 error M  gulpfile.babel.js
11 error M  helpers/after.js
11 error M  helpers/and.js
11 error M  helpers/arrayContains.js
11 error M  helpers/before.js
11 error M  helpers/capitalize.js
11 error M  helpers/commaSeparate.js
11 error M  helpers/compare.js
11 error M  helpers/dateHasPassed.js
11 error M  helpers/defaultValue.js
11 error M  helpers/eachProperty.js
11 error M  helpers/eq.js
11 error M  helpers/exists.js
11 error M  helpers/first.js
11 error M  helpers/foreach.js
11 error M  helpers/formatDate.js
11 error M  helpers/formatTweet.js
11 error M  helpers/formatTwitterSearch.js
11 error M  helpers/fromNow.js
11 error M  helpers/gt.js
11 error M  helpers/gte.js
11 error M  helpers/gtlt.js
11 error M  helpers/hasProperty.js
11 error M  helpers/hasPropertyLength.js
11 error M  helpers/itemAtIndex.js
11 error M  helpers/joinObject.js
11 error M  helpers/lowercase.js
11 error M  helpers/math.js
11 error M  helpers/numberItemsWithProperty.js
11 error M  helpers/numberNotDeleted.js
11 error M  helpers/numeral.js
11 error M  helpers/or.js
11 error M  helpers/pluralize.js
11 error M  helpers/removeUnderscores.js
11 error M  helpers/round.js
11 error M  helpers/slugify.js
11 error M  helpers/stringify.js
11 error M  helpers/tmdb.js
11 error M  helpers/today.js
11 error M  helpers/truncate.js
11 error M  helpers/uppercase.js
11 error M  js/helpers.js
11 error A  test.html
12 error If you need help, you may report this error at:
12 error     <https://github.com/npm/npm/issues>
13 verbose exit [ 1, true ]
